2026-04-18 10:30:43.127 [DefaultDispatcher-worker-1] INFO  c.b.bytesight.service.AttachService - Attaching to JVM process: 62788 on port 50051
2026-04-18 10:30:43.130 [DefaultDispatcher-worker-1] INFO  c.b.bytesight.service.AttachService - Found agent JAR: C:/TheFactory/Bytesight/composeApp/../agent/build/libs/agent-1.0.0-agent.jar
2026-04-18 10:30:45.173 [DefaultDispatcher-worker-1] INFO  c.b.bytesight.service.AttachService - Agent successfully attached to 62788
2026-04-18 10:30:45.524 [DefaultDispatcher-worker-3] INFO  c.b.bytesight.service.AgentClient - Connected to agent: version=1.0.0, target PID=62788
2026-04-18 10:30:50.009 [DefaultDispatcher-worker-1] DEBUG c.b.c.d.VineflowerDecompiler$VineflowerLogger - Loaded 3 plugins
2026-04-18 10:30:50.044 [DefaultDispatcher-worker-1] DEBUG c.b.c.d.VineflowerDecompiler$VineflowerLogger - JVM info: Eclipse Adoptium - 17.0.17 - 17.0.17+10
2026-04-18 10:30:50.045 [DefaultDispatcher-worker-1] DEBUG c.b.c.d.VineflowerDecompiler$VineflowerLogger - Scanning classes from InMemorySource
2026-04-18 10:30:50.047 [DefaultDispatcher-worker-1] DEBUG c.b.c.d.VineflowerDecompiler$VineflowerLogger - Loading Class: com/bugdigger/sample/services/ProductService from InMemorySource
2026-04-18 10:30:50.058 [pool-4-thread-1] DEBUG c.b.c.d.VineflowerDecompiler$VineflowerLogger - Decompiling class: com.bugdigger.sample.services.ProductService
2026-04-18 10:30:50.162 [pool-4-thread-1] DEBUG c.b.c.d.VineflowerDecompiler$VineflowerLogger - Finished decompiling class: com.bugdigger.sample.services.ProductService
2026-04-18 10:30:50.167 [pool-4-thread-2] DEBUG c.b.c.d.VineflowerDecompiler$VineflowerLogger - Reading class: com.bugdigger.sample.services.ProductService
2026-04-18 10:30:50.171 [pool-4-thread-2] DEBUG c.b.c.d.VineflowerDecompiler$VineflowerLogger - Writing class: com/bugdigger/sample/services/ProductService
2026-04-18 10:30:50.184 [pool-4-thread-2] DEBUG c.b.c.d.VineflowerDecompiler$VineflowerLogger - Writing class: com/bugdigger/sample/services/ProductService##Lambda_9_204
2026-04-18 10:30:50.184 [pool-4-thread-2] DEBUG c.b.c.d.VineflowerDecompiler$VineflowerLogger - Finished writing class
2026-04-18 10:30:50.185 [pool-4-thread-2] DEBUG c.b.c.d.VineflowerDecompiler$VineflowerLogger - Writing class: com/bugdigger/sample/services/ProductService##Lambda_7_178
2026-04-18 10:30:50.185 [pool-4-thread-2] DEBUG c.b.c.d.VineflowerDecompiler$VineflowerLogger - Finished writing class
2026-04-18 10:30:50.186 [pool-4-thread-2] DEBUG c.b.c.d.VineflowerDecompiler$VineflowerLogger - Writing class: com/bugdigger/sample/services/ProductService##Lambda_4_112
2026-04-18 10:30:50.186 [pool-4-thread-2] DEBUG c.b.c.d.VineflowerDecompiler$VineflowerLogger - Finished writing class
2026-04-18 10:30:50.186 [pool-4-thread-2] DEBUG c.b.c.d.VineflowerDecompiler$VineflowerLogger - Writing class: com/bugdigger/sample/services/ProductService##Lambda_4_112
2026-04-18 10:30:50.186 [pool-4-thread-2] DEBUG c.b.c.d.VineflowerDecompiler$VineflowerLogger - Finished writing class
2026-04-18 10:30:50.186 [pool-4-thread-2] DEBUG c.b.c.d.VineflowerDecompiler$VineflowerLogger - Writing class: com/bugdigger/sample/services/ProductService##Lambda_4_112
2026-04-18 10:30:50.186 [pool-4-thread-2] DEBUG c.b.c.d.VineflowerDecompiler$VineflowerLogger - Finished writing class
2026-04-18 10:30:50.187 [pool-4-thread-2] DEBUG c.b.c.d.VineflowerDecompiler$VineflowerLogger - Writing class: com/bugdigger/sample/services/ProductService##Lambda_2_87
2026-04-18 10:30:50.187 [pool-4-thread-2] DEBUG c.b.c.d.VineflowerDecompiler$VineflowerLogger - Finished writing class
2026-04-18 10:30:50.187 [pool-4-thread-2] DEBUG c.b.c.d.VineflowerDecompiler$VineflowerLogger - Writing class: com/bugdigger/sample/services/ProductService##Lambda_5_126
2026-04-18 10:30:50.187 [pool-4-thread-2] DEBUG c.b.c.d.VineflowerDecompiler$VineflowerLogger - Finished writing class
2026-04-18 10:30:50.187 [pool-4-thread-2] DEBUG c.b.c.d.VineflowerDecompiler$VineflowerLogger - Writing class: com/bugdigger/sample/services/ProductService##Lambda_3_109
2026-04-18 10:30:50.188 [pool-4-thread-2] DEBUG c.b.c.d.VineflowerDecompiler$VineflowerLogger - Finished writing class
2026-04-18 10:30:50.188 [pool-4-thread-2] DEBUG c.b.c.d.VineflowerDecompiler$VineflowerLogger - Writing class: com/bugdigger/sample/services/ProductService##Lambda_4_112
2026-04-18 10:30:50.188 [pool-4-thread-2] DEBUG c.b.c.d.VineflowerDecompiler$VineflowerLogger - Finished writing class
2026-04-18 10:30:50.188 [pool-4-thread-2] DEBUG c.b.c.d.VineflowerDecompiler$VineflowerLogger - Writing class: com/bugdigger/sample/services/ProductService##Lambda_6_112
2026-04-18 10:30:50.188 [pool-4-thread-2] DEBUG c.b.c.d.VineflowerDecompiler$VineflowerLogger - Finished writing class
2026-04-18 10:30:50.190 [pool-4-thread-2] DEBUG c.b.c.d.VineflowerDecompiler$VineflowerLogger - Finished writing class
2026-04-18 10:30:50.196 [pool-4-thread-2] DEBUG c.b.c.d.VineflowerDecompiler$VineflowerLogger - Finished reading class: com.bugdigger.sample.services.ProductService
2026-04-18 10:31:27.041 [DefaultDispatcher-worker-1] DEBUG c.b.c.d.VineflowerDecompiler$VineflowerLogger - Loaded 3 plugins
2026-04-18 10:31:27.041 [DefaultDispatcher-worker-1] DEBUG c.b.c.d.VineflowerDecompiler$VineflowerLogger - JVM info: Eclipse Adoptium - 17.0.17 - 17.0.17+10
2026-04-18 10:31:27.041 [DefaultDispatcher-worker-1] DEBUG c.b.c.d.VineflowerDecompiler$VineflowerLogger - Scanning classes from InMemorySource
2026-04-18 10:31:27.041 [DefaultDispatcher-worker-1] DEBUG c.b.c.d.VineflowerDecompiler$VineflowerLogger - Loading Class: com/bugdigger/sample/services/DataProcessor from InMemorySource
2026-04-18 10:31:27.042 [pool-5-thread-1] DEBUG c.b.c.d.VineflowerDecompiler$VineflowerLogger - Decompiling class: com.bugdigger.sample.services.DataProcessor
2026-04-18 10:31:27.096 [pool-5-thread-1] DEBUG c.b.c.d.VineflowerDecompiler$VineflowerLogger - Finished decompiling class: com.bugdigger.sample.services.DataProcessor
2026-04-18 10:31:27.096 [pool-5-thread-2] DEBUG c.b.c.d.VineflowerDecompiler$VineflowerLogger - Reading class: com.bugdigger.sample.services.DataProcessor
2026-04-18 10:31:27.097 [pool-5-thread-2] DEBUG c.b.c.d.VineflowerDecompiler$VineflowerLogger - Writing class: com/bugdigger/sample/services/DataProcessor
2026-04-18 10:31:27.102 [pool-5-thread-2] DEBUG c.b.c.d.VineflowerDecompiler$VineflowerLogger - Finished writing class
2026-04-18 10:31:27.102 [pool-5-thread-2] DEBUG c.b.c.d.VineflowerDecompiler$VineflowerLogger - Finished reading class: com.bugdigger.sample.services.DataProcessor
